* using log directory ‘/nas/longleaf/home/js9gt/survrf/Scripts/IHsurvrf.Rcheck’
* using R version 4.1.0 (2021-05-18)
* using platform: x86_64-pc-linux-gnu (64-bit)
* using session charset: UTF-8
* using options ‘--no-manual --as-cran’
* checking for file ‘IHsurvrf/DESCRIPTION’ ... OK
* this is package ‘IHsurvrf’ version ‘0.0.0.9000’
* package encoding: UTF-8
* checking package namespace information ... OK
* checking package dependencies ... OK
* checking if this is a source package ... WARNING
Subdirectory ‘src’ contains:
  .nfs000000006d70a3570002dfb5
These are unlikely file names for src files.
* checking if there is a namespace ... OK
* checking for executable files ... OK
* checking for hidden files and directories ... NOTE
Found the following hidden files and directories:
  src/.nfs000000006d70a3570002dfb5
These were most likely included in error. See section ‘Package
structure’ in the ‘Writing R Extensions’ manual.
* checking for portable file names ... OK
* checking for sufficient/correct file permissions ... OK
* checking serialization versions ... OK
* checking whether package ‘IHsurvrf’ can be installed ... ERROR
Installation failed.
See ‘/nas/longleaf/home/js9gt/survrf/Scripts/IHsurvrf.Rcheck/00install.out’ for details.
* DONE
Status: 1 ERROR, 1 WARNING, 1 NOTE
